tophat_reports v2.1.1 (ecf7617)
---------------------------------------
[samopen] SAM header is present: 685 sequences.
	Loading chr1...done
	Loading chr2...done
	Loading chr3...done
	Loading chr4...done
	Loading chr5...done
	Loading chr6...done
	Loading chr7...done
	Loading chr8...done
	Loading chr9...done
	Loading chr10...done
	Loading scaf_21...done
	Loading scaf_22...done
	Loading scaf_23...done
	Loading scaf_24...done
	Loading scaf_25...done
	Loading scaf_26...done
	Loading scaf_27...done
	Loading scaf_28...done
	Loading scaf_29...done
	Loading scaf_30...done
	Loading scaf_31...done
	Loading scaf_32...done
	Loading scaf_33...done
	Loading scaf_34...done
	Loading scaf_35...done
	Loading scaf_36...done
	Loading scaf_37...done
	Loading scaf_38...done
	Loading scaf_39...done
	Loading scaf_40...done
	Loading scaf_41...done
	Loading scaf_42...done
	Loading scaf_43...done
	Loading scaf_44...done
	Loading scaf_45...done
	Loading scaf_46...done
	Loading scaf_47...done
	Loading scaf_48...done
	Loading scaf_49...done
	Loading scaf_50...done
	Loading scaf_51...done
	Loading scaf_52...done
	Loading scaf_53...done
	Loading scaf_54...done
	Loading scaf_55...done
	Loading scaf_56...done
	Loading scaf_57...done
	Loading scaf_58...done
	Loading scaf_59...done
	Loading scaf_60...done
	Loading scaf_61...done
	Loading scaf_62...done
	Loading scaf_63...done
	Loading scaf_64...done
	Loading scaf_65...done
	Loading scaf_66...done
	Loading scaf_67...done
	Loading scaf_68...done
	Loading scaf_69...done
	Loading scaf_70...done
	Loading scaf_71...done
	Loading scaf_72...done
	Loading scaf_73...done
	Loading scaf_74...done
	Loading scaf_75...done
	Loading scaf_76...done
	Loading scaf_77...done
	Loading scaf_78...done
	Loading scaf_79...done
	Loading scaf_80...done
	Loading scaf_81...done
	Loading scaf_82...done
	Loading scaf_83...done
	Loading scaf_84...done
	Loading scaf_85...done
	Loading scaf_86...done
	Loading scaf_87...done
	Loading scaf_88...done
	Loading scaf_89...done
	Loading scaf_90...done
	Loading scaf_91...done
	Loading scaf_92...done
	Loading scaf_93...done
	Loading scaf_94...done
	Loading scaf_95...done
	Loading scaf_96...done
	Loading scaf_97...done
	Loading scaf_98...done
	Loading scaf_99...done
	Loading scaf_100...done
	Loading scaf_101...done
	Loading scaf_102...done
	Loading scaf_103...done
	Loading scaf_104...done
	Loading scaf_105...done
	Loading scaf_106...done
	Loading scaf_107...done
	Loading scaf_108...done
	Loading scaf_109...done
	Loading scaf_110...done
	Loading scaf_111...done
	Loading scaf_112...done
	Loading scaf_113...done
	Loading scaf_114...done
	Loading scaf_115...done
	Loading scaf_116...done
	Loading scaf_117...done
	Loading scaf_118...done
	Loading scaf_119...done
	Loading scaf_120...done
	Loading scaf_121...done
	Loading scaf_122...done
	Loading scaf_123...done
	Loading scaf_124...done
	Loading scaf_125...done
	Loading scaf_126...done
	Loading scaf_127...done
	Loading scaf_128...done
	Loading scaf_129...done
	Loading scaf_130...done
	Loading scaf_131...done
	Loading scaf_132...done
	Loading scaf_133...done
	Loading scaf_134...done
	Loading scaf_135...done
	Loading scaf_136...done
	Loading scaf_137...done
	Loading scaf_138...done
	Loading scaf_139...done
	Loading scaf_140...done
	Loading scaf_141...done
	Loading scaf_142...done
	Loading scaf_143...done
	Loading scaf_144...done
	Loading scaf_145...done
	Loading scaf_146...done
	Loading scaf_147...done
	Loading scaf_148...done
	Loading scaf_149...done
	Loading scaf_150...done
	Loading scaf_151...done
	Loading scaf_152...done
	Loading scaf_153...done
	Loading scaf_154...done
	Loading scaf_155...done
	Loading scaf_156...done
	Loading scaf_157...done
	Loading scaf_158...done
	Loading scaf_159...done
	Loading scaf_160...done
	Loading scaf_161...done
	Loading scaf_162...done
	Loading scaf_163...done
	Loading scaf_164...done
	Loading scaf_165...done
	Loading scaf_166...done
	Loading scaf_167...done
	Loading scaf_168...done
	Loading scaf_169...done
	Loading scaf_170...done
	Loading scaf_171...done
	Loading scaf_172...done
	Loading scaf_173...done
	Loading scaf_174...done
	Loading scaf_175...done
	Loading scaf_176...done
	Loading scaf_177...done
	Loading scaf_178...done
	Loading scaf_179...done
	Loading scaf_180...done
	Loading scaf_181...done
	Loading scaf_182...done
	Loading scaf_183...done
	Loading scaf_184...done
	Loading scaf_185...done
	Loading scaf_186...done
	Loading scaf_187...done
	Loading scaf_188...done
	Loading scaf_189...done
	Loading scaf_190...done
	Loading scaf_191...done
	Loading scaf_192...done
	Loading scaf_193...done
	Loading scaf_194...done
	Loading scaf_195...done
	Loading scaf_196...done
	Loading scaf_197...done
	Loading scaf_198...done
	Loading scaf_199...done
	Loading scaf_200...done
	Loading scaf_201...done
	Loading scaf_202...done
	Loading scaf_203...done
	Loading scaf_204...done
	Loading scaf_205...done
	Loading scaf_206...done
	Loading scaf_207...done
	Loading scaf_208...done
	Loading scaf_209...done
	Loading scaf_210...done
	Loading scaf_211...done
	Loading scaf_212...done
	Loading scaf_213...done
	Loading scaf_214...done
	Loading scaf_215...done
	Loading scaf_216...done
	Loading scaf_217...done
	Loading scaf_218...done
	Loading scaf_219...done
	Loading scaf_220...done
	Loading scaf_221...done
	Loading scaf_222...done
	Loading scaf_223...done
	Loading scaf_224...done
	Loading scaf_225...done
	Loading scaf_226...done
	Loading scaf_227...done
	Loading scaf_228...done
	Loading scaf_229...done
	Loading scaf_230...done
	Loading scaf_231...done
	Loading scaf_232...done
	Loading scaf_233...done
	Loading scaf_234...done
	Loading scaf_235...done
	Loading scaf_236...done
	Loading scaf_237...done
	Loading scaf_238...done
	Loading scaf_239...done
	Loading scaf_240...done
	Loading scaf_241...done
	Loading scaf_242...done
	Loading scaf_243...done
	Loading scaf_244...done
	Loading scaf_245...done
	Loading scaf_246...done
	Loading scaf_247...done
	Loading scaf_248...done
	Loading scaf_249...done
	Loading scaf_250...done
	Loading scaf_251...done
	Loading scaf_252...done
	Loading scaf_253...done
	Loading scaf_254...done
	Loading scaf_255...done
	Loading scaf_256...done
	Loading scaf_257...done
	Loading scaf_258...done
	Loading scaf_259...done
	Loading scaf_260...done
	Loading scaf_261...done
	Loading scaf_262...done
	Loading scaf_263...done
	Loading scaf_264...done
	Loading scaf_265...done
	Loading scaf_266...done
	Loading scaf_267...done
	Loading scaf_268...done
	Loading scaf_269...done
	Loading scaf_270...done
	Loading scaf_271...done
	Loading scaf_272...done
	Loading scaf_273...done
	Loading scaf_274...done
	Loading scaf_275...done
	Loading scaf_276...done
	Loading scaf_277...done
	Loading scaf_278...done
	Loading scaf_279...done
	Loading scaf_280...done
	Loading scaf_281...done
	Loading scaf_282...done
	Loading scaf_283...done
	Loading scaf_284...done
	Loading scaf_285...done
	Loading scaf_286...done
	Loading scaf_287...done
	Loading scaf_288...done
	Loading scaf_289...done
	Loading scaf_290...done
	Loading scaf_291...done
	Loading scaf_292...done
	Loading scaf_293...done
	Loading scaf_294...done
	Loading scaf_295...done
	Loading scaf_296...done
	Loading scaf_297...done
	Loading scaf_298...done
	Loading scaf_299...done
	Loading scaf_300...done
	Loading scaf_301...done
	Loading scaf_302...done
	Loading scaf_303...done
	Loading scaf_304...done
	Loading scaf_305...done
	Loading scaf_306...done
	Loading scaf_307...done
	Loading scaf_308...done
	Loading scaf_309...done
	Loading scaf_310...done
	Loading scaf_311...done
	Loading scaf_312...done
	Loading scaf_313...done
	Loading scaf_314...done
	Loading scaf_315...done
	Loading scaf_316...done
	Loading scaf_317...done
	Loading scaf_318...done
	Loading scaf_319...done
	Loading scaf_320...done
	Loading scaf_321...done
	Loading scaf_322...done
	Loading scaf_323...done
	Loading scaf_324...done
	Loading scaf_325...done
	Loading scaf_326...done
	Loading scaf_327...done
	Loading scaf_328...done
	Loading scaf_329...done
	Loading scaf_330...done
	Loading scaf_331...done
	Loading scaf_332...done
	Loading scaf_333...done
	Loading scaf_334...done
	Loading scaf_335...done
	Loading scaf_336...done
	Loading scaf_337...done
	Loading scaf_338...done
	Loading scaf_339...done
	Loading scaf_340...done
	Loading scaf_341...done
	Loading scaf_342...done
	Loading scaf_343...done
	Loading scaf_344...done
	Loading scaf_345...done
	Loading scaf_346...done
	Loading scaf_347...done
	Loading scaf_348...done
	Loading scaf_349...done
	Loading scaf_350...done
	Loading scaf_351...done
	Loading scaf_352...done
	Loading scaf_353...done
	Loading scaf_354...done
	Loading scaf_355...done
	Loading scaf_356...done
	Loading scaf_357...done
	Loading scaf_358...done
	Loading scaf_359...done
	Loading scaf_360...done
	Loading scaf_361...done
	Loading scaf_362...done
	Loading scaf_363...done
	Loading scaf_364...done
	Loading scaf_365...done
	Loading scaf_366...done
	Loading scaf_367...done
	Loading scaf_368...done
	Loading scaf_369...done
	Loading scaf_370...done
	Loading scaf_371...done
	Loading scaf_372...done
	Loading scaf_373...done
	Loading scaf_374...done
	Loading scaf_375...done
	Loading scaf_376...done
	Loading scaf_377...done
	Loading scaf_378...done
	Loading scaf_379...done
	Loading scaf_380...done
	Loading scaf_381...done
	Loading scaf_382...done
	Loading scaf_383...done
	Loading scaf_384...done
	Loading scaf_385...done
	Loading scaf_386...done
	Loading scaf_387...done
	Loading scaf_388...done
	Loading scaf_389...done
	Loading scaf_390...done
	Loading scaf_391...done
	Loading scaf_392...done
	Loading scaf_393...done
	Loading scaf_394...done
	Loading scaf_395...done
	Loading scaf_396...done
	Loading scaf_397...done
	Loading scaf_398...done
	Loading scaf_399...done
	Loading scaf_400...done
	Loading scaf_401...done
	Loading scaf_402...done
	Loading scaf_403...done
	Loading scaf_404...done
	Loading scaf_405...done
	Loading scaf_406...done
	Loading scaf_407...done
	Loading scaf_408...done
	Loading scaf_409...done
	Loading scaf_410...done
	Loading scaf_411...done
	Loading scaf_412...done
	Loading scaf_413...done
	Loading scaf_414...done
	Loading scaf_415...done
	Loading scaf_416...done
	Loading scaf_417...done
	Loading scaf_418...done
	Loading scaf_419...done
	Loading scaf_420...done
	Loading scaf_421...done
	Loading scaf_422...done
	Loading scaf_423...done
	Loading scaf_424...done
	Loading scaf_425...done
	Loading scaf_426...done
	Loading scaf_427...done
	Loading scaf_428...done
	Loading scaf_429...done
	Loading scaf_430...done
	Loading scaf_431...done
	Loading scaf_432...done
	Loading scaf_433...done
	Loading scaf_434...done
	Loading scaf_435...done
	Loading scaf_436...done
	Loading scaf_437...done
	Loading scaf_438...done
	Loading scaf_439...done
	Loading scaf_440...done
	Loading scaf_441...done
	Loading scaf_442...done
	Loading scaf_443...done
	Loading scaf_444...done
	Loading scaf_445...done
	Loading scaf_446...done
	Loading scaf_447...done
	Loading scaf_448...done
	Loading scaf_449...done
	Loading scaf_450...done
	Loading scaf_451...done
	Loading scaf_452...done
	Loading scaf_453...done
	Loading scaf_454...done
	Loading scaf_455...done
	Loading scaf_456...done
	Loading scaf_457...done
	Loading scaf_458...done
	Loading scaf_459...done
	Loading scaf_460...done
	Loading scaf_461...done
	Loading scaf_462...done
	Loading scaf_463...done
	Loading scaf_464...done
	Loading scaf_465...done
	Loading scaf_466...done
	Loading scaf_467...done
	Loading scaf_468...done
	Loading scaf_469...done
	Loading scaf_470...done
	Loading scaf_471...done
	Loading scaf_472...done
	Loading scaf_473...done
	Loading scaf_474...done
	Loading scaf_475...done
	Loading scaf_476...done
	Loading scaf_477...done
	Loading scaf_478...done
	Loading scaf_479...done
	Loading scaf_480...done
	Loading scaf_481...done
	Loading scaf_482...done
	Loading scaf_483...done
	Loading scaf_484...done
	Loading scaf_485...done
	Loading scaf_486...done
	Loading scaf_487...done
	Loading scaf_488...done
	Loading scaf_489...done
	Loading scaf_490...done
	Loading scaf_491...done
	Loading scaf_492...done
	Loading scaf_493...done
	Loading scaf_494...done
	Loading scaf_495...done
	Loading scaf_496...done
	Loading scaf_497...done
	Loading scaf_498...done
	Loading scaf_499...done
	Loading scaf_500...done
	Loading scaf_501...done
	Loading scaf_502...done
	Loading scaf_503...done
	Loading scaf_504...done
	Loading scaf_505...done
	Loading scaf_506...done
	Loading scaf_507...done
	Loading scaf_508...done
	Loading scaf_509...done
	Loading scaf_510...done
	Loading scaf_511...done
	Loading scaf_512...done
	Loading scaf_513...done
	Loading scaf_514...done
	Loading scaf_515...done
	Loading scaf_516...done
	Loading scaf_517...done
	Loading scaf_518...done
	Loading scaf_519...done
	Loading scaf_520...done
	Loading scaf_521...done
	Loading scaf_522...done
	Loading scaf_523...done
	Loading scaf_524...done
	Loading scaf_525...done
	Loading scaf_526...done
	Loading scaf_527...done
	Loading scaf_528...done
	Loading scaf_529...done
	Loading scaf_530...done
	Loading scaf_531...done
	Loading scaf_532...done
	Loading scaf_533...done
	Loading scaf_534...done
	Loading scaf_535...done
	Loading scaf_536...done
	Loading scaf_537...done
	Loading scaf_538...done
	Loading scaf_539...done
	Loading scaf_540...done
	Loading scaf_541...done
	Loading scaf_542...done
	Loading scaf_543...done
	Loading scaf_544...done
	Loading scaf_545...done
	Loading scaf_546...done
	Loading scaf_547...done
	Loading scaf_548...done
	Loading scaf_549...done
	Loading scaf_550...done
	Loading scaf_551...done
	Loading scaf_552...done
	Loading scaf_553...done
	Loading scaf_554...done
	Loading scaf_555...done
	Loading scaf_556...done
	Loading scaf_557...done
	Loading scaf_558...done
	Loading scaf_559...done
	Loading scaf_560...done
	Loading scaf_561...done
	Loading scaf_562...done
	Loading scaf_563...done
	Loading scaf_564...done
	Loading scaf_565...done
	Loading scaf_566...done
	Loading scaf_567...done
	Loading scaf_568...done
	Loading scaf_569...done
	Loading scaf_570...done
	Loading scaf_571...done
	Loading scaf_572...done
	Loading scaf_573...done
	Loading scaf_574...done
	Loading scaf_575...done
	Loading scaf_576...done
	Loading scaf_577...done
	Loading scaf_578...done
	Loading scaf_579...done
	Loading scaf_580...done
	Loading scaf_581...done
	Loading scaf_582...done
	Loading scaf_583...done
	Loading scaf_584...done
	Loading scaf_585...done
	Loading scaf_586...done
	Loading scaf_587...done
	Loading scaf_588...done
	Loading scaf_589...done
	Loading scaf_590...done
	Loading scaf_591...done
	Loading scaf_592...done
	Loading scaf_593...done
	Loading scaf_594...done
	Loading scaf_595...done
	Loading scaf_596...done
	Loading scaf_597...done
	Loading scaf_598...done
	Loading scaf_599...done
	Loading scaf_600...done
	Loading scaf_601...done
	Loading scaf_602...done
	Loading scaf_603...done
	Loading scaf_604...done
	Loading scaf_605...done
	Loading scaf_606...done
	Loading scaf_607...done
	Loading scaf_608...done
	Loading scaf_609...done
	Loading scaf_610...done
	Loading scaf_611...done
	Loading scaf_612...done
	Loading scaf_613...done
	Loading scaf_614...done
	Loading scaf_615...done
	Loading scaf_616...done
	Loading scaf_617...done
	Loading scaf_618...done
	Loading scaf_619...done
	Loading scaf_620...done
	Loading scaf_621...done
	Loading scaf_622...done
	Loading scaf_623...done
	Loading scaf_624...done
	Loading scaf_625...done
	Loading scaf_626...done
	Loading scaf_627...done
	Loading scaf_628...done
	Loading scaf_629...done
	Loading scaf_630...done
	Loading scaf_631...done
	Loading scaf_632...done
	Loading scaf_633...done
	Loading scaf_634...done
	Loading scaf_635...done
	Loading scaf_636...done
	Loading scaf_637...done
	Loading scaf_638...done
	Loading scaf_639...done
	Loading scaf_640...done
	Loading scaf_641...done
	Loading scaf_642...done
	Loading scaf_643...done
	Loading scaf_644...done
	Loading scaf_645...done
	Loading scaf_646...done
	Loading scaf_647...done
	Loading scaf_648...done
	Loading scaf_649...done
	Loading scaf_650...done
	Loading scaf_651...done
	Loading scaf_652...done
	Loading scaf_653...done
	Loading scaf_654...done
	Loading scaf_655...done
	Loading scaf_656...done
	Loading scaf_657...done
	Loading scaf_658...done
	Loading scaf_659...done
	Loading scaf_660...done
	Loading scaf_661...done
	Loading scaf_662...done
	Loading scaf_663...done
	Loading scaf_664...done
	Loading scaf_665...done
	Loading scaf_666...done
	Loading scaf_667...done
	Loading scaf_668...done
	Loading scaf_669...done
	Loading scaf_670...done
	Loading scaf_671...done
	Loading scaf_672...done
	Loading scaf_673...done
	Loading scaf_674...done
	Loading scaf_675...done
	Loading scaf_676...done
	Loading scaf_677...done
	Loading scaf_678...done
	Loading scaf_679...done
	Loading scaf_680...done
	Loading scaf_681...done
	Loading scaf_682...done
	Loading scaf_683...done
	Loading scaf_684...done
	Loading scaf_685...done
	Loading scaf_686...done
	Loading scaf_687...done
	Loading scaf_688...done
	Loading scaf_689...done
	Loading scaf_690...done
	Loading scaf_691...done
	Loading scaf_692...done
	Loading scaf_693...done
	Loading scaf_694...done
	Loading scaf_695...done
	Loading ...done
Loaded 48175 junctions
Printing junction BED track...done
Printing insertions...done
Printing deletions...done
Found 44432 junctions from happy spliced reads
