segment_juncs v2.1.1 (ecf7617)
---------------------------
[samopen] SAM header is present: 685 sequences.
Loading reference sequences...
	Loading chr1... done (308452471 bases).
	Loading chr2... done (243675191 bases).
	Loading chr3... done (238017767 bases).
	Loading chr4... done (250330460 bases).
	Loading chr5... done (226353449 bases).
	Loading chr6... done (181357234 bases).
	Loading chr7... done (185808916 bases).
	Loading chr8... done (182411202 bases).
	Loading chr9... done (163004744 bases).
	Loading chr10... done (152435371 bases).
	Loading scaf_21... done (712123 bases).
	Loading scaf_22... done (570058 bases).
	Loading scaf_23... done (435198 bases).
	Loading scaf_24... done (387292 bases).
	Loading scaf_25... done (264983 bases).
	Loading scaf_26... done (254485 bases).
	Loading scaf_27... done (247825 bases).
	Loading scaf_28... done (239868 bases).
	Loading scaf_29... done (217815 bases).
	Loading scaf_30... done (207305 bases).
	Loading scaf_31... done (203238 bases).
	Loading scaf_32... done (197712 bases).
	Loading scaf_33... done (196160 bases).
	Loading scaf_34... done (190448 bases).
	Loading scaf_35... done (190269 bases).
	Loading scaf_36... done (187880 bases).
	Loading scaf_37... done (173911 bases).
	Loading scaf_38... done (173111 bases).
	Loading scaf_39... done (172167 bases).
	Loading scaf_40... done (171701 bases).
	Loading scaf_41... done (171519 bases).
	Loading scaf_42... done (169347 bases).
	Loading scaf_43... done (168052 bases).
	Loading scaf_44... done (164231 bases).
	Loading scaf_45... done (164060 bases).
	Loading scaf_46... done (160926 bases).
	Loading scaf_47... done (160502 bases).
	Loading scaf_48... done (159682 bases).
	Loading scaf_49... done (153763 bases).
	Loading scaf_50... done (153744 bases).
	Loading scaf_51... done (152095 bases).
	Loading scaf_52... done (151820 bases).
	Loading scaf_53... done (148690 bases).
	Loading scaf_54... done (144791 bases).
	Loading scaf_55... done (144328 bases).
	Loading scaf_56... done (142977 bases).
	Loading scaf_57... done (142290 bases).
	Loading scaf_58... done (141577 bases).
	Loading scaf_59... done (138583 bases).
	Loading scaf_60... done (137147 bases).
	Loading scaf_61... done (134092 bases).
	Loading scaf_62... done (133633 bases).
	Loading scaf_63... done (132531 bases).
	Loading scaf_64... done (130230 bases).
	Loading scaf_65... done (129299 bases).
	Loading scaf_66... done (128904 bases).
	Loading scaf_67... done (128482 bases).
	Loading scaf_68... done (127882 bases).
	Loading scaf_69... done (127290 bases).
	Loading scaf_70... done (126443 bases).
	Loading scaf_71... done (125047 bases).
	Loading scaf_72... done (124860 bases).
	Loading scaf_73... done (123043 bases).
	Loading scaf_74... done (120982 bases).
	Loading scaf_75... done (120904 bases).
	Loading scaf_76... done (120818 bases).
	Loading scaf_77... done (120549 bases).
	Loading scaf_78... done (120088 bases).
	Loading scaf_79... done (119143 bases).
	Loading scaf_80... done (118700 bases).
	Loading scaf_81... done (118576 bases).
	Loading scaf_82... done (118500 bases).
	Loading scaf_83... done (117266 bases).
	Loading scaf_84... done (117233 bases).
	Loading scaf_85... done (115765 bases).
	Loading scaf_86... done (115550 bases).
	Loading scaf_87... done (114887 bases).
	Loading scaf_88... done (114023 bases).
	Loading scaf_89... done (113862 bases).
	Loading scaf_90... done (113779 bases).
	Loading scaf_91... done (113002 bases).
	Loading scaf_92... done (112596 bases).
	Loading scaf_93... done (112550 bases).
	Loading scaf_94... done (111637 bases).
	Loading scaf_95... done (110562 bases).
	Loading scaf_96... done (110121 bases).
	Loading scaf_97... done (109951 bases).
	Loading scaf_98... done (109947 bases).
	Loading scaf_99... done (109352 bases).
	Loading scaf_100... done (109197 bases).
	Loading scaf_101... done (109031 bases).
	Loading scaf_102... done (108697 bases).
	Loading scaf_103... done (108378 bases).
	Loading scaf_104... done (108339 bases).
	Loading scaf_105... done (107956 bases).
	Loading scaf_106... done (107526 bases).
	Loading scaf_107... done (107524 bases).
	Loading scaf_108... done (106690 bases).
	Loading scaf_109... done (106305 bases).
	Loading scaf_110... done (106098 bases).
	Loading scaf_111... done (105289 bases).
	Loading scaf_112... done (105250 bases).
	Loading scaf_113... done (105226 bases).
	Loading scaf_114... done (105163 bases).
	Loading scaf_115... done (104537 bases).
	Loading scaf_116... done (104499 bases).
	Loading scaf_117... done (103808 bases).
	Loading scaf_118... done (103806 bases).
	Loading scaf_119... done (103210 bases).
	Loading scaf_120... done (102624 bases).
	Loading scaf_121... done (102406 bases).
	Loading scaf_122... done (102397 bases).
	Loading scaf_123... done (102349 bases).
	Loading scaf_124... done (101678 bases).
	Loading scaf_125... done (101641 bases).
	Loading scaf_126... done (100851 bases).
	Loading scaf_127... done (100600 bases).
	Loading scaf_128... done (100537 bases).
	Loading scaf_129... done (100364 bases).
	Loading scaf_130... done (99893 bases).
	Loading scaf_131... done (99674 bases).
	Loading scaf_132... done (98130 bases).
	Loading scaf_133... done (97996 bases).
	Loading scaf_134... done (97918 bases).
	Loading scaf_135... done (96911 bases).
	Loading scaf_136... done (96690 bases).
	Loading scaf_137... done (96496 bases).
	Loading scaf_138... done (96036 bases).
	Loading scaf_139... done (95934 bases).
	Loading scaf_140... done (95894 bases).
	Loading scaf_141... done (95890 bases).
	Loading scaf_142... done (95521 bases).
	Loading scaf_143... done (95419 bases).
	Loading scaf_144... done (95245 bases).
	Loading scaf_145... done (95129 bases).
	Loading scaf_146... done (94989 bases).
	Loading scaf_147... done (94793 bases).
	Loading scaf_148... done (94647 bases).
	Loading scaf_149... done (94334 bases).
	Loading scaf_150... done (94333 bases).
	Loading scaf_151... done (94036 bases).
	Loading scaf_152... done (93636 bases).
	Loading scaf_153... done (93514 bases).
	Loading scaf_154... done (93405 bases).
	Loading scaf_155... done (93298 bases).
	Loading scaf_156... done (93084 bases).
	Loading scaf_157... done (93056 bases).
	Loading scaf_158... done (92553 bases).
	Loading scaf_159... done (91995 bases).
	Loading scaf_160... done (91958 bases).
	Loading scaf_161... done (91897 bases).
	Loading scaf_162... done (91766 bases).
	Loading scaf_163... done (91439 bases).
	Loading scaf_164... done (91076 bases).
	Loading scaf_165... done (91072 bases).
	Loading scaf_166... done (91034 bases).
	Loading scaf_167... done (90901 bases).
	Loading scaf_168... done (90815 bases).
	Loading scaf_169... done (90613 bases).
	Loading scaf_170... done (90547 bases).
	Loading scaf_171... done (89502 bases).
	Loading scaf_172... done (89377 bases).
	Loading scaf_173... done (89242 bases).
	Loading scaf_174... done (89235 bases).
	Loading scaf_175... done (89155 bases).
	Loading scaf_176... done (88783 bases).
	Loading scaf_177... done (88032 bases).
	Loading scaf_178... done (87897 bases).
	Loading scaf_179... done (87788 bases).
	Loading scaf_180... done (87559 bases).
	Loading scaf_181... done (87401 bases).
	Loading scaf_182... done (87195 bases).
	Loading scaf_183... done (86681 bases).
	Loading scaf_184... done (86649 bases).
	Loading scaf_185... done (86437 bases).
	Loading scaf_186... done (86423 bases).
	Loading scaf_187... done (86029 bases).
	Loading scaf_188... done (85958 bases).
	Loading scaf_189... done (85939 bases).
	Loading scaf_190... done (85707 bases).
	Loading scaf_191... done (85696 bases).
	Loading scaf_192... done (85577 bases).
	Loading scaf_193... done (85542 bases).
	Loading scaf_194... done (85512 bases).
	Loading scaf_195... done (84529 bases).
	Loading scaf_196... done (84483 bases).
	Loading scaf_197... done (84480 bases).
	Loading scaf_198... done (84315 bases).
	Loading scaf_199... done (84283 bases).
	Loading scaf_200... done (84277 bases).
	Loading scaf_201... done (83765 bases).
	Loading scaf_202... done (83195 bases).
	Loading scaf_203... done (83150 bases).
	Loading scaf_204... done (83142 bases).
	Loading scaf_205... done (83098 bases).
	Loading scaf_206... done (82836 bases).
	Loading scaf_207... done (82698 bases).
	Loading scaf_208... done (82580 bases).
	Loading scaf_209... done (82439 bases).
	Loading scaf_210... done (82354 bases).
	Loading scaf_211... done (82347 bases).
	Loading scaf_212... done (82331 bases).
	Loading scaf_213... done (81960 bases).
	Loading scaf_214... done (81777 bases).
	Loading scaf_215... done (81747 bases).
	Loading scaf_216... done (81457 bases).
	Loading scaf_217... done (81340 bases).
	Loading scaf_218... done (81233 bases).
	Loading scaf_219... done (80936 bases).
	Loading scaf_220... done (80837 bases).
	Loading scaf_221... done (80814 bases).
	Loading scaf_222... done (80283 bases).
	Loading scaf_223... done (79710 bases).
	Loading scaf_224... done (79539 bases).
	Loading scaf_225... done (79526 bases).
	Loading scaf_226... done (79449 bases).
	Loading scaf_227... done (79237 bases).
	Loading scaf_228... done (78875 bases).
	Loading scaf_229... done (78242 bases).
	Loading scaf_230... done (78216 bases).
	Loading scaf_231... done (78109 bases).
	Loading scaf_232... done (77884 bases).
	Loading scaf_233... done (77858 bases).
	Loading scaf_234... done (77850 bases).
	Loading scaf_235... done (77518 bases).
	Loading scaf_236... done (77375 bases).
	Loading scaf_237... done (77233 bases).
	Loading scaf_238... done (77062 bases).
	Loading scaf_239... done (77005 bases).
	Loading scaf_240... done (76990 bases).
	Loading scaf_241... done (76896 bases).
	Loading scaf_242... done (76850 bases).
	Loading scaf_243... done (76719 bases).
	Loading scaf_244... done (76711 bases).
	Loading scaf_245... done (76434 bases).
	Loading scaf_246... done (76402 bases).
	Loading scaf_247... done (76349 bases).
	Loading scaf_248... done (76347 bases).
	Loading scaf_249... done (76253 bases).
	Loading scaf_250... done (76174 bases).
	Loading scaf_251... done (76113 bases).
	Loading scaf_252... done (76030 bases).
	Loading scaf_253... done (75901 bases).
	Loading scaf_254... done (75487 bases).
	Loading scaf_255... done (75327 bases).
	Loading scaf_256... done (75278 bases).
	Loading scaf_257... done (75264 bases).
	Loading scaf_258... done (75157 bases).
	Loading scaf_259... done (74994 bases).
	Loading scaf_260... done (74954 bases).
	Loading scaf_261... done (74875 bases).
	Loading scaf_262... done (74862 bases).
	Loading scaf_263... done (74687 bases).
	Loading scaf_264... done (74566 bases).
	Loading scaf_265... done (74453 bases).
	Loading scaf_266... done (73951 bases).
	Loading scaf_267... done (73767 bases).
	Loading scaf_268... done (73692 bases).
	Loading scaf_269... done (73531 bases).
	Loading scaf_270... done (73359 bases).
	Loading scaf_271... done (73251 bases).
	Loading scaf_272... done (73066 bases).
	Loading scaf_273... done (73001 bases).
	Loading scaf_274... done (72796 bases).
	Loading scaf_275... done (72665 bases).
	Loading scaf_276... done (72399 bases).
	Loading scaf_277... done (72053 bases).
	Loading scaf_278... done (71983 bases).
	Loading scaf_279... done (71870 bases).
	Loading scaf_280... done (71434 bases).
	Loading scaf_281... done (71227 bases).
	Loading scaf_282... done (71196 bases).
	Loading scaf_283... done (71104 bases).
	Loading scaf_284... done (70953 bases).
	Loading scaf_285... done (70845 bases).
	Loading scaf_286... done (70600 bases).
	Loading scaf_287... done (70547 bases).
	Loading scaf_288... done (70410 bases).
	Loading scaf_289... done (70226 bases).
	Loading scaf_290... done (70070 bases).
	Loading scaf_291... done (69844 bases).
	Loading scaf_292... done (69796 bases).
	Loading scaf_293... done (69747 bases).
	Loading scaf_294... done (69542 bases).
	Loading scaf_295... done (69529 bases).
	Loading scaf_296... done (69442 bases).
	Loading scaf_297... done (69369 bases).
	Loading scaf_298... done (69364 bases).
	Loading scaf_299... done (69243 bases).
	Loading scaf_300... done (69101 bases).
	Loading scaf_301... done (69023 bases).
	Loading scaf_302... done (68967 bases).
	Loading scaf_303... done (68912 bases).
	Loading scaf_304... done (68810 bases).
	Loading scaf_305... done (68803 bases).
	Loading scaf_306... done (68764 bases).
	Loading scaf_307... done (68750 bases).
	Loading scaf_308... done (68697 bases).
	Loading scaf_309... done (68464 bases).
	Loading scaf_310... done (68461 bases).
	Loading scaf_311... done (68394 bases).
	Loading scaf_312... done (68386 bases).
	Loading scaf_313... done (68340 bases).
	Loading scaf_314... done (68200 bases).
	Loading scaf_315... done (68185 bases).
	Loading scaf_316... done (68157 bases).
	Loading scaf_317... done (68122 bases).
	Loading scaf_318... done (67773 bases).
	Loading scaf_319... done (67715 bases).
	Loading scaf_320... done (67453 bases).
	Loading scaf_321... done (67423 bases).
	Loading scaf_322... done (67253 bases).
	Loading scaf_323... done (67217 bases).
	Loading scaf_324... done (67121 bases).
	Loading scaf_325... done (67094 bases).
	Loading scaf_326... done (66933 bases).
	Loading scaf_327... done (66933 bases).
	Loading scaf_328... done (66728 bases).
	Loading scaf_329... done (66653 bases).
	Loading scaf_330... done (66505 bases).
	Loading scaf_331... done (66412 bases).
	Loading scaf_332... done (66353 bases).
	Loading scaf_333... done (66282 bases).
	Loading scaf_334... done (66272 bases).
	Loading scaf_335... done (66081 bases).
	Loading scaf_336... done (66016 bases).
	Loading scaf_337... done (65790 bases).
	Loading scaf_338... done (65540 bases).
	Loading scaf_339... done (65537 bases).
	Loading scaf_340... done (65427 bases).
	Loading scaf_341... done (65327 bases).
	Loading scaf_342... done (65280 bases).
	Loading scaf_343... done (65236 bases).
	Loading scaf_344... done (65094 bases).
	Loading scaf_345... done (64929 bases).
	Loading scaf_346... done (64906 bases).
	Loading scaf_347... done (64744 bases).
	Loading scaf_348... done (64714 bases).
	Loading scaf_349... done (64685 bases).
	Loading scaf_350... done (64593 bases).
	Loading scaf_351... done (64495 bases).
	Loading scaf_352... done (64265 bases).
	Loading scaf_353... done (64155 bases).
	Loading scaf_354... done (64072 bases).
	Loading scaf_355... done (64028 bases).
	Loading scaf_356... done (63985 bases).
	Loading scaf_357... done (63908 bases).
	Loading scaf_358... done (63880 bases).
	Loading scaf_359... done (63432 bases).
	Loading scaf_360... done (63266 bases).
	Loading scaf_361... done (63177 bases).
	Loading scaf_362... done (63148 bases).
	Loading scaf_363... done (63113 bases).
	Loading scaf_364... done (63084 bases).
	Loading scaf_365... done (63080 bases).
	Loading scaf_366... done (62556 bases).
	Loading scaf_367... done (62541 bases).
	Loading scaf_368... done (62533 bases).
	Loading scaf_369... done (62516 bases).
	Loading scaf_370... done (62509 bases).
	Loading scaf_371... done (62284 bases).
	Loading scaf_372... done (62204 bases).
	Loading scaf_373... done (62066 bases).
	Loading scaf_374... done (62047 bases).
	Loading scaf_375... done (61971 bases).
	Loading scaf_376... done (61863 bases).
	Loading scaf_377... done (61815 bases).
	Loading scaf_378... done (61663 bases).
	Loading scaf_379... done (61251 bases).
	Loading scaf_380... done (61109 bases).
	Loading scaf_381... done (61002 bases).
	Loading scaf_382... done (60996 bases).
	Loading scaf_383... done (60990 bases).
	Loading scaf_384... done (60988 bases).
	Loading scaf_385... done (60794 bases).
	Loading scaf_386... done (60618 bases).
	Loading scaf_387... done (60414 bases).
	Loading scaf_388... done (60261 bases).
	Loading scaf_389... done (60203 bases).
	Loading scaf_390... done (60132 bases).
	Loading scaf_391... done (60044 bases).
	Loading scaf_392... done (59970 bases).
	Loading scaf_393... done (59921 bases).
	Loading scaf_394... done (59838 bases).
	Loading scaf_395... done (59635 bases).
	Loading scaf_396... done (59584 bases).
	Loading scaf_397... done (59572 bases).
	Loading scaf_398... done (59286 bases).
	Loading scaf_399... done (59208 bases).
	Loading scaf_400... done (59116 bases).
	Loading scaf_401... done (59113 bases).
	Loading scaf_402... done (58978 bases).
	Loading scaf_403... done (58950 bases).
	Loading scaf_404... done (58762 bases).
	Loading scaf_405... done (58605 bases).
	Loading scaf_406... done (58599 bases).
	Loading scaf_407... done (58456 bases).
	Loading scaf_408... done (58405 bases).
	Loading scaf_409... done (58344 bases).
	Loading scaf_410... done (57998 bases).
	Loading scaf_411... done (57932 bases).
	Loading scaf_412... done (57849 bases).
	Loading scaf_413... done (57812 bases).
	Loading scaf_414... done (57501 bases).
	Loading scaf_415... done (57472 bases).
	Loading scaf_416... done (57371 bases).
	Loading scaf_417... done (57210 bases).
	Loading scaf_418... done (57042 bases).
	Loading scaf_419... done (57011 bases).
	Loading scaf_420... done (56837 bases).
	Loading scaf_421... done (56819 bases).
	Loading scaf_422... done (56707 bases).
	Loading scaf_423... done (56705 bases).
	Loading scaf_424... done (56693 bases).
	Loading scaf_425... done (56600 bases).
	Loading scaf_426... done (56555 bases).
	Loading scaf_427... done (56516 bases).
	Loading scaf_428... done (56435 bases).
	Loading scaf_429... done (56416 bases).
	Loading scaf_430... done (56249 bases).
	Loading scaf_431... done (56149 bases).
	Loading scaf_432... done (56140 bases).
	Loading scaf_433... done (55942 bases).
	Loading scaf_434... done (55813 bases).
	Loading scaf_435... done (55746 bases).
	Loading scaf_436... done (55605 bases).
	Loading scaf_437... done (55516 bases).
	Loading scaf_438... done (55489 bases).
	Loading scaf_439... done (55303 bases).
	Loading scaf_440... done (55289 bases).
	Loading scaf_441... done (55099 bases).
	Loading scaf_442... done (55048 bases).
	Loading scaf_443... done (54923 bases).
	Loading scaf_444... done (54898 bases).
	Loading scaf_445... done (54817 bases).
	Loading scaf_446... done (54746 bases).
	Loading scaf_447... done (54638 bases).
	Loading scaf_448... done (54628 bases).
	Loading scaf_449... done (54545 bases).
	Loading scaf_450... done (54531 bases).
	Loading scaf_451... done (54430 bases).
	Loading scaf_452... done (54309 bases).
	Loading scaf_453... done (54288 bases).
	Loading scaf_454... done (54132 bases).
	Loading scaf_455... done (54093 bases).
	Loading scaf_456... done (53967 bases).
	Loading scaf_457... done (53894 bases).
	Loading scaf_458... done (53843 bases).
	Loading scaf_459... done (53481 bases).
	Loading scaf_460... done (53434 bases).
	Loading scaf_461... done (53417 bases).
	Loading scaf_462... done (53195 bases).
	Loading scaf_463... done (53086 bases).
	Loading scaf_464... done (52993 bases).
	Loading scaf_465... done (52955 bases).
	Loading scaf_466... done (52889 bases).
	Loading scaf_467... done (52720 bases).
	Loading scaf_468... done (52562 bases).
	Loading scaf_469... done (52527 bases).
	Loading scaf_470... done (52467 bases).
	Loading scaf_471... done (52001 bases).
	Loading scaf_472... done (51792 bases).
	Loading scaf_473... done (51791 bases).
	Loading scaf_474... done (51790 bases).
	Loading scaf_475... done (51498 bases).
	Loading scaf_476... done (51442 bases).
	Loading scaf_477... done (51437 bases).
	Loading scaf_478... done (51436 bases).
	Loading scaf_479... done (51400 bases).
	Loading scaf_480... done (51317 bases).
	Loading scaf_481... done (51285 bases).
	Loading scaf_482... done (51226 bases).
	Loading scaf_483... done (51166 bases).
	Loading scaf_484... done (51159 bases).
	Loading scaf_485... done (51097 bases).
	Loading scaf_486... done (51050 bases).
	Loading scaf_487... done (51005 bases).
	Loading scaf_488... done (50467 bases).
	Loading scaf_489... done (50303 bases).
	Loading scaf_490... done (50230 bases).
	Loading scaf_491... done (50119 bases).
	Loading scaf_492... done (50112 bases).
	Loading scaf_493... done (50095 bases).
	Loading scaf_494... done (50090 bases).
	Loading scaf_495... done (49999 bases).
	Loading scaf_496... done (49900 bases).
	Loading scaf_497... done (49811 bases).
	Loading scaf_498... done (49759 bases).
	Loading scaf_499... done (49573 bases).
	Loading scaf_500... done (49572 bases).
	Loading scaf_501... done (49558 bases).
	Loading scaf_502... done (49534 bases).
	Loading scaf_503... done (49321 bases).
	Loading scaf_504... done (49133 bases).
	Loading scaf_505... done (49076 bases).
	Loading scaf_506... done (48960 bases).
	Loading scaf_507... done (48845 bases).
	Loading scaf_508... done (48796 bases).
	Loading scaf_509... done (48793 bases).
	Loading scaf_510... done (48788 bases).
	Loading scaf_511... done (48698 bases).
	Loading scaf_512... done (48411 bases).
	Loading scaf_513... done (48321 bases).
	Loading scaf_514... done (48292 bases).
	Loading scaf_515... done (48059 bases).
	Loading scaf_516... done (48018 bases).
	Loading scaf_517... done (47885 bases).
	Loading scaf_518... done (47771 bases).
	Loading scaf_519... done (47732 bases).
	Loading scaf_520... done (47726 bases).
	Loading scaf_521... done (47702 bases).
	Loading scaf_522... done (47686 bases).
	Loading scaf_523... done (47658 bases).
	Loading scaf_524... done (47519 bases).
	Loading scaf_525... done (47504 bases).
	Loading scaf_526... done (47428 bases).
	Loading scaf_527... done (47425 bases).
	Loading scaf_528... done (47422 bases).
	Loading scaf_529... done (47062 bases).
	Loading scaf_530... done (47056 bases).
	Loading scaf_531... done (47032 bases).
	Loading scaf_532... done (46775 bases).
	Loading scaf_533... done (46694 bases).
	Loading scaf_534... done (46575 bases).
	Loading scaf_535... done (46567 bases).
	Loading scaf_536... done (46533 bases).
	Loading scaf_537... done (46395 bases).
	Loading scaf_538... done (46312 bases).
	Loading scaf_539... done (46276 bases).
	Loading scaf_540... done (46195 bases).
	Loading scaf_541... done (46105 bases).
	Loading scaf_542... done (45928 bases).
	Loading scaf_543... done (45898 bases).
	Loading scaf_544... done (45870 bases).
	Loading scaf_545... done (45852 bases).
	Loading scaf_546... done (45599 bases).
	Loading scaf_547... done (45570 bases).
	Loading scaf_548... done (45567 bases).
	Loading scaf_549... done (45460 bases).
	Loading scaf_550... done (45408 bases).
	Loading scaf_551... done (45391 bases).
	Loading scaf_552... done (45290 bases).
	Loading scaf_553... done (45286 bases).
	Loading scaf_554... done (45262 bases).
	Loading scaf_555... done (45165 bases).
	Loading scaf_556... done (44942 bases).
	Loading scaf_557... done (44777 bases).
	Loading scaf_558... done (44734 bases).
	Loading scaf_559... done (44719 bases).
	Loading scaf_560... done (44617 bases).
	Loading scaf_561... done (44557 bases).
	Loading scaf_562... done (44525 bases).
	Loading scaf_563... done (44435 bases).
	Loading scaf_564... done (44391 bases).
	Loading scaf_565... done (44377 bases).
	Loading scaf_566... done (44336 bases).
	Loading scaf_567... done (44149 bases).
	Loading scaf_568... done (43798 bases).
	Loading scaf_569... done (43689 bases).
	Loading scaf_570... done (43564 bases).
	Loading scaf_571... done (43505 bases).
	Loading scaf_572... done (43361 bases).
	Loading scaf_573... done (43335 bases).
	Loading scaf_574... done (43270 bases).
	Loading scaf_575... done (43186 bases).
	Loading scaf_576... done (43039 bases).
	Loading scaf_577... done (42914 bases).
	Loading scaf_578... done (42890 bases).
	Loading scaf_579... done (42824 bases).
	Loading scaf_580... done (42746 bases).
	Loading scaf_581... done (42734 bases).
	Loading scaf_582... done (42695 bases).
	Loading scaf_583... done (42670 bases).
	Loading scaf_584... done (42655 bases).
	Loading scaf_585... done (42653 bases).
	Loading scaf_586... done (42361 bases).
	Loading scaf_587... done (42140 bases).
	Loading scaf_588... done (42065 bases).
	Loading scaf_589... done (42059 bases).
	Loading scaf_590... done (42054 bases).
	Loading scaf_591... done (42047 bases).
	Loading scaf_592... done (42042 bases).
	Loading scaf_593... done (41905 bases).
	Loading scaf_594... done (41863 bases).
	Loading scaf_595... done (41770 bases).
	Loading scaf_596... done (41630 bases).
	Loading scaf_597... done (41600 bases).
	Loading scaf_598... done (41539 bases).
	Loading scaf_599... done (41383 bases).
	Loading scaf_600... done (41377 bases).
	Loading scaf_601... done (41329 bases).
	Loading scaf_602... done (41219 bases).
	Loading scaf_603... done (41109 bases).
	Loading scaf_604... done (41107 bases).
	Loading scaf_605... done (41057 bases).
	Loading scaf_606... done (41030 bases).
	Loading scaf_607... done (40971 bases).
	Loading scaf_608... done (40905 bases).
	Loading scaf_609... done (40876 bases).
	Loading scaf_610... done (40847 bases).
	Loading scaf_611... done (40814 bases).
	Loading scaf_612... done (40576 bases).
	Loading scaf_613... done (40560 bases).
	Loading scaf_614... done (40479 bases).
	Loading scaf_615... done (40402 bases).
	Loading scaf_616... done (40389 bases).
	Loading scaf_617... done (40165 bases).
	Loading scaf_618... done (40145 bases).
	Loading scaf_619... done (40064 bases).
	Loading scaf_620... done (40006 bases).
	Loading scaf_621... done (39904 bases).
	Loading scaf_622... done (39697 bases).
	Loading scaf_623... done (39553 bases).
	Loading scaf_624... done (39481 bases).
	Loading scaf_625... done (39460 bases).
	Loading scaf_626... done (39077 bases).
	Loading scaf_627... done (39038 bases).
	Loading scaf_628... done (38891 bases).
	Loading scaf_629... done (38764 bases).
	Loading scaf_630... done (38610 bases).
	Loading scaf_631... done (38558 bases).
	Loading scaf_632... done (38463 bases).
	Loading scaf_633... done (38456 bases).
	Loading scaf_634... done (38214 bases).
	Loading scaf_635... done (37995 bases).
	Loading scaf_636... done (37985 bases).
	Loading scaf_637... done (37569 bases).
	Loading scaf_638... done (37477 bases).
	Loading scaf_639... done (37416 bases).
	Loading scaf_640... done (37393 bases).
	Loading scaf_641... done (37334 bases).
	Loading scaf_642... done (37315 bases).
	Loading scaf_643... done (37184 bases).
	Loading scaf_644... done (37110 bases).
	Loading scaf_645... done (37080 bases).
	Loading scaf_646... done (36930 bases).
	Loading scaf_647... done (36782 bases).
	Loading scaf_648... done (36641 bases).
	Loading scaf_649... done (36626 bases).
	Loading scaf_650... done (36526 bases).
	Loading scaf_651... done (36525 bases).
	Loading scaf_652... done (36369 bases).
	Loading scaf_653... done (36282 bases).
	Loading scaf_654... done (36267 bases).
	Loading scaf_655... done (36266 bases).
	Loading scaf_656... done (36217 bases).
	Loading scaf_657... done (35909 bases).
	Loading scaf_658... done (35909 bases).
	Loading scaf_659... done (35884 bases).
	Loading scaf_660... done (35784 bases).
	Loading scaf_661... done (35720 bases).
	Loading scaf_662... done (35668 bases).
	Loading scaf_663... done (35599 bases).
	Loading scaf_664... done (35539 bases).
	Loading scaf_665... done (35297 bases).
	Loading scaf_666... done (35285 bases).
	Loading scaf_667... done (35263 bases).
	Loading scaf_668... done (35100 bases).
	Loading scaf_669... done (34989 bases).
	Loading scaf_670... done (34940 bases).
	Loading scaf_671... done (34852 bases).
	Loading scaf_672... done (34684 bases).
	Loading scaf_673... done (34626 bases).
	Loading scaf_674... done (34568 bases).
	Loading scaf_675... done (34427 bases).
	Loading scaf_676... done (34391 bases).
	Loading scaf_677... done (33997 bases).
	Loading scaf_678... done (33938 bases).
	Loading scaf_679... done (33821 bases).
	Loading scaf_680... done (33689 bases).
	Loading scaf_681... done (33683 bases).
	Loading scaf_682... done (33634 bases).
	Loading scaf_683... done (33496 bases).
	Loading scaf_684... done (33264 bases).
	Loading scaf_685... done (32618 bases).
	Loading scaf_686... done (32197 bases).
	Loading scaf_687... done (32019 bases).
	Loading scaf_688... done (31944 bases).
	Loading scaf_689... done (31748 bases).
	Loading scaf_690... done (31498 bases).
	Loading scaf_691... done (31489 bases).
	Loading scaf_692... done (31211 bases).
	Loading scaf_693... done (30818 bases).
	Loading scaf_694... done (30512 bases).
	Loading scaf_695... done (30084 bases).
>> Performing segment-search:
Loading left segment hits... done.
Loading right segment hits...done.
	found 101345 potential split-segment junctions
	found 3018 potential small deletions
	found 3936 potential small insertions
Reported 101345 total potential splices
Reporting 3018 potential deletions...
Reporting 3936 potential insertions...
Reporting potential fusions...
