
[2023-09-11 10:34:34] Beginning TopHat run (v2.1.1)
-----------------------------------------------
[2023-09-11 10:34:34] Checking for Bowtie
		  Bowtie version:	 2.2.5.0
[2023-09-11 10:34:35] Checking for Bowtie index files (genome)..
[2023-09-11 10:34:35] Checking for reference FASTA file
[2023-09-11 10:34:35] Generating SAM header for /home/mb62095/rnaseq_2021/03_mapping/tophat2/indexes/zm_ref_index
[2023-09-11 10:34:40] Preparing reads
	 left reads: min. length=31, max. length=142, 499950 kept reads (50 discarded)
	right reads: min. length=30, max. length=142, 499970 kept reads (30 discarded)
[2023-09-11 10:34:56] Mapping left_kept_reads to genome zm_ref_index with Bowtie2 
[2023-09-11 10:35:37] Mapping left_kept_reads_seg1 to genome zm_ref_index with Bowtie2 (1/5)
[2023-09-11 10:35:47] Mapping left_kept_reads_seg2 to genome zm_ref_index with Bowtie2 (2/5)
[2023-09-11 10:35:57] Mapping left_kept_reads_seg3 to genome zm_ref_index with Bowtie2 (3/5)
[2023-09-11 10:36:08] Mapping left_kept_reads_seg4 to genome zm_ref_index with Bowtie2 (4/5)
[2023-09-11 10:36:21] Mapping left_kept_reads_seg5 to genome zm_ref_index with Bowtie2 (5/5)
[2023-09-11 10:36:38] Mapping right_kept_reads to genome zm_ref_index with Bowtie2 
[2023-09-11 10:37:20] Mapping right_kept_reads_seg1 to genome zm_ref_index with Bowtie2 (1/5)
[2023-09-11 10:37:30] Mapping right_kept_reads_seg2 to genome zm_ref_index with Bowtie2 (2/5)
[2023-09-11 10:37:41] Mapping right_kept_reads_seg3 to genome zm_ref_index with Bowtie2 (3/5)
[2023-09-11 10:37:52] Mapping right_kept_reads_seg4 to genome zm_ref_index with Bowtie2 (4/5)
[2023-09-11 10:38:02] Mapping right_kept_reads_seg5 to genome zm_ref_index with Bowtie2 (5/5)
[2023-09-11 10:38:18] Searching for junctions via segment mapping
[2023-09-11 10:39:39] Retrieving sequences for splices
[2023-09-11 10:40:32] Indexing splices
[2023-09-11 10:40:42] Mapping left_kept_reads_seg1 to genome segment_juncs with Bowtie2 (1/5)
[2023-09-11 10:40:45] Mapping left_kept_reads_seg2 to genome segment_juncs with Bowtie2 (2/5)
[2023-09-11 10:40:48] Mapping left_kept_reads_seg3 to genome segment_juncs with Bowtie2 (3/5)
[2023-09-11 10:40:51] Mapping left_kept_reads_seg4 to genome segment_juncs with Bowtie2 (4/5)
[2023-09-11 10:40:54] Mapping left_kept_reads_seg5 to genome segment_juncs with Bowtie2 (5/5)
[2023-09-11 10:40:58] Joining segment hits
[2023-09-11 10:42:04] Mapping right_kept_reads_seg1 to genome segment_juncs with Bowtie2 (1/5)
[2023-09-11 10:42:07] Mapping right_kept_reads_seg2 to genome segment_juncs with Bowtie2 (2/5)
[2023-09-11 10:42:10] Mapping right_kept_reads_seg3 to genome segment_juncs with Bowtie2 (3/5)
[2023-09-11 10:42:13] Mapping right_kept_reads_seg4 to genome segment_juncs with Bowtie2 (4/5)
[2023-09-11 10:42:17] Mapping right_kept_reads_seg5 to genome segment_juncs with Bowtie2 (5/5)
[2023-09-11 10:42:21] Joining segment hits
[2023-09-11 10:43:26] Reporting output tracks
-----------------------------------------------
[2023-09-11 10:44:57] A summary of the alignment counts can be found in T_6_III/align_summary.txt
[2023-09-11 10:44:57] Run complete: 00:10:23 elapsed
