
[2023-09-11 12:36:15] Beginning TopHat run (v2.1.1)
-----------------------------------------------
[2023-09-11 12:36:15] Checking for Bowtie
		  Bowtie version:	 2.2.5.0
[2023-09-11 12:36:15] Checking for Bowtie index files (genome)..
[2023-09-11 12:36:15] Checking for reference FASTA file
[2023-09-11 12:36:15] Generating SAM header for /home/mb62095/rnaseq_2021/03_mapping/tophat2/indexes/zm_ref_index
[2023-09-11 12:36:21] Preparing reads
	 left reads: min. length=32, max. length=142, 499974 kept reads (26 discarded)
	right reads: min. length=31, max. length=142, 499977 kept reads (23 discarded)
[2023-09-11 12:36:43] Mapping left_kept_reads to genome zm_ref_index with Bowtie2 
[2023-09-11 12:37:52] Mapping left_kept_reads_seg1 to genome zm_ref_index with Bowtie2 (1/5)
[2023-09-11 12:38:04] Mapping left_kept_reads_seg2 to genome zm_ref_index with Bowtie2 (2/5)
[2023-09-11 12:38:16] Mapping left_kept_reads_seg3 to genome zm_ref_index with Bowtie2 (3/5)
[2023-09-11 12:38:28] Mapping left_kept_reads_seg4 to genome zm_ref_index with Bowtie2 (4/5)
[2023-09-11 12:38:40] Mapping left_kept_reads_seg5 to genome zm_ref_index with Bowtie2 (5/5)
[2023-09-11 12:38:56] Mapping right_kept_reads to genome zm_ref_index with Bowtie2 
[2023-09-11 12:39:58] Mapping right_kept_reads_seg1 to genome zm_ref_index with Bowtie2 (1/5)
[2023-09-11 12:40:11] Mapping right_kept_reads_seg2 to genome zm_ref_index with Bowtie2 (2/5)
[2023-09-11 12:40:23] Mapping right_kept_reads_seg3 to genome zm_ref_index with Bowtie2 (3/5)
[2023-09-11 12:40:34] Mapping right_kept_reads_seg4 to genome zm_ref_index with Bowtie2 (4/5)
[2023-09-11 12:40:46] Mapping right_kept_reads_seg5 to genome zm_ref_index with Bowtie2 (5/5)
[2023-09-11 12:41:03] Searching for junctions via segment mapping
[2023-09-11 12:42:35] Retrieving sequences for splices
[2023-09-11 12:43:33] Indexing splices
[2023-09-11 12:43:46] Mapping left_kept_reads_seg1 to genome segment_juncs with Bowtie2 (1/5)
[2023-09-11 12:43:49] Mapping left_kept_reads_seg2 to genome segment_juncs with Bowtie2 (2/5)
[2023-09-11 12:43:53] Mapping left_kept_reads_seg3 to genome segment_juncs with Bowtie2 (3/5)
[2023-09-11 12:43:56] Mapping left_kept_reads_seg4 to genome segment_juncs with Bowtie2 (4/5)
[2023-09-11 12:44:01] Mapping left_kept_reads_seg5 to genome segment_juncs with Bowtie2 (5/5)
[2023-09-11 12:44:05] Joining segment hits
[2023-09-11 12:45:17] Mapping right_kept_reads_seg1 to genome segment_juncs with Bowtie2 (1/5)
[2023-09-11 12:45:20] Mapping right_kept_reads_seg2 to genome segment_juncs with Bowtie2 (2/5)
[2023-09-11 12:45:24] Mapping right_kept_reads_seg3 to genome segment_juncs with Bowtie2 (3/5)
[2023-09-11 12:45:27] Mapping right_kept_reads_seg4 to genome segment_juncs with Bowtie2 (4/5)
[2023-09-11 12:45:30] Mapping right_kept_reads_seg5 to genome segment_juncs with Bowtie2 (5/5)
[2023-09-11 12:45:35] Joining segment hits
[2023-09-11 12:46:46] Reporting output tracks
-----------------------------------------------
[2023-09-11 12:48:55] A summary of the alignment counts can be found in C_6_III/align_summary.txt
[2023-09-11 12:48:55] Run complete: 00:12:39 elapsed
