                                 Started job on |	Sep 22 10:31:01
                             Started mapping on |	Sep 22 10:32:41
                                    Finished on |	Sep 22 10:33:06
       Mapping speed, Million of reads per hour |	72.00

                          Number of input reads |	500000
                      Average input read length |	282
                                    UNIQUE READS:
                   Uniquely mapped reads number |	400675
                        Uniquely mapped reads % |	80.14%
                          Average mapped length |	279.74
                       Number of splices: Total |	241515
            Number of splices: Annotated (sjdb) |	229336
                       Number of splices: GT/AG |	235967
                       Number of splices: GC/AG |	3390
                       Number of splices: AT/AC |	184
               Number of splices: Non-canonical |	1974
                      Mismatch rate per base, % |	0.94%
                         Deletion rate per base |	0.09%
                        Deletion average length |	3.65
                        Insertion rate per base |	0.11%
                       Insertion average length |	2.63
                             MULTI-MAPPING READS:
        Number of reads mapped to multiple loci |	33362
             % of reads mapped to multiple loci |	6.67%
        Number of reads mapped to too many loci |	33509
             % of reads mapped to too many loci |	6.70%
                                  UNMAPPED READS:
  Number of reads unmapped: too many mismatches |	0
       % of reads unmapped: too many mismatches |	0.00%
            Number of reads unmapped: too short |	22432
                 % of reads unmapped: too short |	4.49%
                Number of reads unmapped: other |	10022
                     % of reads unmapped: other |	2.00%
                                  CHIMERIC READS:
                       Number of chimeric reads |	0
                            % of chimeric reads |	0.00%
