                                 Started job on |	Sep 14 14:21:53
                             Started mapping on |	Sep 14 14:23:29
                                    Finished on |	Sep 14 14:23:56
       Mapping speed, Million of reads per hour |	66.67

                          Number of input reads |	500000
                      Average input read length |	283
                                    UNIQUE READS:
                   Uniquely mapped reads number |	391470
                        Uniquely mapped reads % |	78.29%
                          Average mapped length |	280.67
                       Number of splices: Total |	280181
            Number of splices: Annotated (sjdb) |	267052
                       Number of splices: GT/AG |	274220
                       Number of splices: GC/AG |	3636
                       Number of splices: AT/AC |	194
               Number of splices: Non-canonical |	2131
                      Mismatch rate per base, % |	0.77%
                         Deletion rate per base |	0.10%
                        Deletion average length |	3.60
                        Insertion rate per base |	0.10%
                       Insertion average length |	2.97
                             MULTI-MAPPING READS:
        Number of reads mapped to multiple loci |	76782
             % of reads mapped to multiple loci |	15.36%
        Number of reads mapped to too many loci |	164
             % of reads mapped to too many loci |	0.03%
                                  UNMAPPED READS:
  Number of reads unmapped: too many mismatches |	0
       % of reads unmapped: too many mismatches |	0.00%
            Number of reads unmapped: too short |	17393
                 % of reads unmapped: too short |	3.48%
                Number of reads unmapped: other |	14191
                     % of reads unmapped: other |	2.84%
                                  CHIMERIC READS:
                       Number of chimeric reads |	0
                            % of chimeric reads |	0.00%
